#
# There is insufficient memory for the Java Runtime Environment to continue.
# Native memory allocation (mmap) failed to map 2064384 bytes for G1 virtual space
# Possible reasons:
#   The system is out of physical RAM or swap space
#   The process is running with CompressedOops enabled, and the Java Heap may be blocking the growth of the native heap
# Possible solutions:
#   Reduce memory load on the system
#   Increase physical memory or swap space
#   Check if swap backing store is full
#   Decrease Java heap size (-Xmx/-Xms)
#   Decrease number of Java threads
#   Decrease Java thread stack sizes (-Xss)
#   Set larger code cache with -XX:ReservedCodeCacheSize=
#   JVM is running with Unscaled Compressed Oops mode in which the Java heap is
#     placed in the first 4GB address space. The Java Heap base address is the
#     maximum limit for the native heap growth. Please use -XX:HeapBaseMinAddress
#     to set the Java Heap base and to place the Java Heap above 4GB virtual address.
# This output file may be truncated or incomplete.
#
#  Out of Memory Error (os_windows.cpp:3541), pid=11700, tid=27212
#
# JRE version:  (17.0.4+8) (build )
# Java VM: OpenJDK 64-Bit Server VM (17.0.4+8-LTS, mixed mode, sharing, tiered, compressed oops, compressed class ptrs, g1 gc, windows-amd64)
# No core dump will be written. Minidumps are not enabled by default on client versions of Windows
#

---------------  S U M M A R Y ------------

Command Line: -Dfile.encoding=windows-1251 -Duser.country=RU -Duser.language=ru -Duser.variant me.anisimov.agency.AgencyApplication

Host: Intel(R) Core(TM) i5-9300H CPU @ 2.40GHz, 8 cores, 7G,  Windows 10 , 64 bit Build 19041 (10.0.19041.1151)
Time: Tue Oct  4 21:31:25 2022 RTZ 2 (s 10 , 64 bit Build 19041 (10.0.19041.1151) elapsed time: 0.016029 seconds (0d 0h 0m 0s)

---------------  T H R E A D  ---------------

Current thread (0x0000027ca3f66f10):  JavaThread "Unknown thread" [_thread_in_vm, id=27212, stack(0x000000c038b00000,0x000000c038c00000)]

Stack: [0x000000c038b00000,0x000000c038c00000]
Native frames: (J=compiled Java code, j=interpreted, Vv=VM code, C=native code)
V  [jvm.dll+0x64723a]
V  [jvm.dll+0x7f8894]
V  [jvm.dll+0x7fa04e]
V  [jvm.dll+0x7fa6a3]
V  [jvm.dll+0x234d38]
V  [jvm.dll+0x64417a]
V  [jvm.dll+0x638aa2]
V  [jvm.dll+0x2f2f69]
V  [jvm.dll+0x2fa146]
V  [jvm.dll+0x345e90]
V  [jvm.dll+0x3460bf]
V  [jvm.dll+0x2c9408]
V  [jvm.dll+0x2ca399]
V  [jvm.dll+0x7cbea1]
V  [jvm.dll+0x353361]
V  [jvm.dll+0x7ac1ae]
V  [jvm.dll+0x3cec13]
V  [jvm.dll+0x3d0651]
C  [jli.dll+0x51af]
C  [ucrtbase.dll+0x21bb2]
C  [KERNEL32.DLL+0x17034]
C  [ntdll.dll+0x52651]


---------------  P R O C E S S  ---------------

Threads class SMR info:
_java_thread_list=0x00007ff9f9436718, length=0, elements={
}

Java Threads: ( => current thread )

Other Threads:
  0x0000027ca3fc0400 GCTaskThread "GC Thread#0" [stack: 0x000000c038c00000,0x000000c038d00000] [id=12880]
  0x0000027ca3fd2f70 ConcurrentGCThread "G1 Main Marker" [stack: 0x000000c038d00000,0x000000c038e00000] [id=16212]
  0x0000027ca3fd41c0 ConcurrentGCThread "G1 Conc#0" [stack: 0x000000c038e00000,0x000000c038f00000] [id=27516]

[error occurred during error reporting (printing all threads), id 0xc0000005, EXCEPTION_ACCESS_VIOLATION (0xc0000005) at pc=0x00007ff9f8c2a5f7]

VM state: not at safepoint (not fully initialized)

VM Mutex/Monitor currently owned by a thread:  ([mutex/lock_event])
[0x0000027ca3f63630] Heap_lock - owner thread: 0x0000027ca3f66f10

Heap address: 0x0000000082600000, size: 2010 MB, Compressed Oops mode: 32-bit

CDS archive(s) mapped at: [0x0000000000000000-0x0000000000000000-0x0000000000000000), size 0, SharedBaseAddress: 0x0000000800000000, ArchiveRelocationMode: 0.
Narrow klass base: 0x0000000000000000, Narrow klass shift: 0, Narrow klass range: 0x0

GC Precious Log:
<Empty>

Heap:
 garbage-first heap   total 0K, used 0K [0x0000000082600000, 0x0000000100000000)
  region size 1024K, 0 young (0K), 0 survivors (0K)

[error occurred during error reporting (printing heap information), id 0xc0000005, EXCEPTION_ACCESS_VIOLATION (0xc0000005) at pc=0x00007ff9f8feed59]

GC Heap History (0 events):
No events

Deoptimization events (0 events):
No events

Classes unloaded (0 events):
No events

Classes redefined (0 events):
No events

Internal exceptions (0 events):
No events

VM Operations (0 events):
No events

Events (1 events):
Event: 0.008 Loaded shared library C:\Users\Oleg\.jdks\corretto-17.0.4\bin\java.dll


Dynamic libraries:
0x00007ff609910000 - 0x00007ff60991d000 	C:\Users\Oleg\.jdks\corretto-17.0.4\bin\java.exe
0x00007ffa58530000 - 0x00007ffa58725000 	C:\WINDOWS\SYSTEM32\ntdll.dll
0x00007ffa3ad50000 - 0x00007ffa3ad67000 	C:\Program Files\AVAST Software\Avast\aswhook.dll
0x00007ffa565f0000 - 0x00007ffa566ad000 	C:\WINDOWS\System32\KERNEL32.DLL
0x00007ffa560b0000 - 0x00007ffa56379000 	C:\WINDOWS\System32\KERNELBASE.dll
0x00007ffa55cf0000 - 0x00007ffa55df0000 	C:\WINDOWS\System32\ucrtbase.dll
0x00007ffa3ebd0000 - 0x00007ffa3ebe8000 	C:\Users\Oleg\.jdks\corretto-17.0.4\bin\jli.dll
0x00007ffa3ee50000 - 0x00007ffa3ee65000 	C:\Users\Oleg\.jdks\corretto-17.0.4\bin\VCRUNTIME140.dll
0x00007ffa579d0000 - 0x00007ffa57b70000 	C:\WINDOWS\System32\USER32.dll
0x00007ffa56380000 - 0x00007ffa563a2000 	C:\WINDOWS\System32\win32u.dll
0x00007ffa55070000 - 0x00007ffa5530a000 	C:\WINDOWS\WinSxS\amd64_microsoft.windows.common-controls_6595b64144ccf1df_6.0.19041.1110_none_60b5254171f9507e\COMCTL32.dll
0x00007ffa56870000 - 0x00007ffa5689a000 	C:\WINDOWS\System32\GDI32.dll
0x00007ffa576d0000 - 0x00007ffa5776e000 	C:\WINDOWS\System32\msvcrt.dll
0x00007ffa563b0000 - 0x00007ffa564bb000 	C:\WINDOWS\System32\gdi32full.dll
0x00007ffa564c0000 - 0x00007ffa5655d000 	C:\WINDOWS\System32\msvcp_win.dll
0x00007ffa57eb0000 - 0x00007ffa57ee0000 	C:\WINDOWS\System32\IMM32.DLL
0x00007ffa25430000 - 0x00007ffa254cb000 	C:\Users\Oleg\.jdks\corretto-17.0.4\bin\msvcp140.dll
0x00007ff9f8950000 - 0x00007ff9f9564000 	C:\Users\Oleg\.jdks\corretto-17.0.4\bin\server\jvm.dll
0x00007ffa567c0000 - 0x00007ffa5686c000 	C:\WINDOWS\System32\ADVAPI32.dll
0x00007ffa57c40000 - 0x00007ffa57cdb000 	C:\WINDOWS\System32\sechost.dll
0x00007ffa57350000 - 0x00007ffa5747a000 	C:\WINDOWS\System32\RPCRT4.dll
0x00007ffa57480000 - 0x00007ffa57488000 	C:\WINDOWS\System32\PSAPI.DLL
0x00007ffa402a0000 - 0x00007ffa402a9000 	C:\WINDOWS\SYSTEM32\WSOCK32.dll
0x00007ffa426d0000 - 0x00007ffa426f7000 	C:\WINDOWS\SYSTEM32\WINMM.dll
0x00007ffa4e1a0000 - 0x00007ffa4e1aa000 	C:\WINDOWS\SYSTEM32\VERSION.dll
0x00007ffa578b0000 - 0x00007ffa5791b000 	C:\WINDOWS\System32\WS2_32.dll
0x00007ffa534e0000 - 0x00007ffa534f2000 	C:\WINDOWS\SYSTEM32\kernel.appcore.dll
0x00007ffa3fa60000 - 0x00007ffa3fa6a000 	C:\Users\Oleg\.jdks\corretto-17.0.4\bin\jimage.dll
0x00007ffa55680000 - 0x00007ffa55864000 	C:\WINDOWS\SYSTEM32\DBGHELP.DLL
0x00007ffa555d0000 - 0x00007ffa555fc000 	C:\WINDOWS\SYSTEM32\dbgcore.DLL
0x00007ffa55c60000 - 0x00007ffa55ce3000 	C:\WINDOWS\System32\bcryptPrimitives.dll
0x00007ffa3e4c0000 - 0x00007ffa3e4e5000 	C:\Users\Oleg\.jdks\corretto-17.0.4\bin\java.dll

dbghelp: loaded successfully - version: 4.0.5 - missing functions: none
symbol engine: initialized successfully - sym options: 0x614 - pdb path: .;C:\Users\Oleg\.jdks\corretto-17.0.4\bin;C:\WINDOWS\SYSTEM32;C:\Program Files\AVAST Software\Avast;C:\WINDOWS\WinSxS\amd64_microsoft.windows.common-controls_6595b64144ccf1df_6.0.19041.1110_none_60b5254171f9507e;C:\Users\Oleg\.jdks\corretto-17.0.4\bin\server

VM Arguments:
jvm_args: -Dfile.encoding=windows-1251 -Duser.country=RU -Duser.language=ru -Duser.variant 
java_command: me.anisimov.agency.AgencyApplication
java_class_path (initial): C:\Agency\agency\build\classes\java\main;C:\Agency\agency\build\resources\main;C:\Users\Oleg\.gradle\caches\modules-2\files-2.1\org.springframework.boot\spring-boot-devtools\2.7.4\71bf477d169fdaf383c81bc4577a466edf7d8973\spring-boot-devtools-2.7.4.jar;C:\Users\Oleg\.gradle\caches\modules-2\files-2.1\org.springframework.boot\spring-boot-starter-web\2.7.4\ab112abef321c0b9dd4ac416982fb706a2634d18\spring-boot-starter-web-2.7.4.jar;C:\Users\Oleg\.gradle\caches\modules-2\files-2.1\org.postgresql\postgresql\42.3.7\1b4a36e733974ac465aa9dc972236a32ce75bb25\postgresql-42.3.7.jar;C:\Users\Oleg\.gradle\caches\modules-2\files-2.1\org.springframework.boot\spring-boot-starter-json\2.7.4\c0ee38fab3687538d88a4f7615361ba93fe87fca\spring-boot-starter-json-2.7.4.jar;C:\Users\Oleg\.gradle\caches\modules-2\files-2.1\org.springframework.boot\spring-boot-starter\2.7.4\5fe2fed415877251263ebfac15efde59b1ea5913\spring-boot-starter-2.7.4.jar;C:\Users\Oleg\.gradle\caches\modules-2\files-2.1\org.springframework.boot\spring-boot-autoconfigure\2.7.4\1848e5e8e474cc880a7708f03f750736665d4157\spring-boot-autoconfigure-2.7.4.jar;C:\Users\Oleg\.gradle\caches\modules-2\files-2.1\org.springframework.boot\spring-boot\2.7.4\8a6aeb18645a6191dc957b023907f8511dabffd1\spring-boot-2.7.4.jar;C:\Users\Oleg\.gradle\caches\modules-2\files-2.1\org.springframework.boot\spring-boot-starter-tomcat\2.7.4\b49555d2bfea184089f8e6b8b338faa5bc9ad254\spring-boot-starter-tomcat-2.7.4.jar;C:\Users\Oleg\.gradle\caches\modules-2\files-2.1\org.springframework\spring-webmvc\5.3.23\b163527c275b0374371890c0b76c2a2a09f9804b\spring-webmvc-5.3.23.jar;C:\Users\Oleg\.gradle\caches\modules-2\files-2.1\org.springframework\spring-web\5.3.23\193f5276092d9cbe3222c63885b47ca7b2cce97\spring-web-5.3.23.jar;C:\Users\Oleg\.gradle\caches\modules-2\files-2.1\org.checkerframework\checker-qual\3.5.0\2f50520c8abea66fbd8d26e481d3aef5c673b510\checker-qual-3.5.0.jar;C:\Users\Oleg\.gradle\caches\modules-2\files-2.1\org.springfra
Launcher Type: SUN_STANDARD

[Global flags]
     intx CICompilerCount                          = 4                                         {product} {ergonomic}
     uint ConcGCThreads                            = 2                                         {product} {ergonomic}
     uint G1ConcRefinementThreads                  = 8                                         {product} {ergonomic}
   size_t G1HeapRegionSize                         = 1048576                                   {product} {ergonomic}
    uintx GCDrainStackTargetSize                   = 64                                        {product} {ergonomic}
   size_t InitialHeapSize                          = 132120576                                 {product} {ergonomic}
   size_t MarkStackSize                            = 4194304                                   {product} {ergonomic}
   size_t MaxHeapSize                              = 2107637760                                {product} {ergonomic}
   size_t MinHeapDeltaBytes                        = 1048576                                   {product} {ergonomic}
   size_t MinHeapSize                              = 8388608                                   {product} {ergonomic}
    uintx NonNMethodCodeHeapSize                   = 5839372                                {pd product} {ergonomic}
    uintx NonProfiledCodeHeapSize                  = 122909434                              {pd product} {ergonomic}
    uintx ProfiledCodeHeapSize                     = 122909434                              {pd product} {ergonomic}
    uintx ReservedCodeCacheSize                    = 251658240                              {pd product} {ergonomic}
     bool SegmentedCodeCache                       = true                                      {product} {ergonomic}
   size_t SoftMaxHeapSize                          = 2107637760                             {manageable} {ergonomic}
     bool UseCompressedClassPointers               = true                           {product lp64_product} {ergonomic}
     bool UseCompressedOops                        = true                           {product lp64_product} {ergonomic}
     bool UseG1GC                                  = true                                      {product} {ergonomic}
     bool UseLargePagesIndividualAllocation        = false                                  {pd product} {ergonomic}

Logging:
Log output configuration:
 #0: stdout all=warning uptime,level,tags
 #1: stderr all=off uptime,level,tags

Environment Variables:
PATH=C:\Program Files\Microsoft MPI\Bin\;C:\Windows\system32;C:\Windows;C:\Windows\System32\Wbem;C:\Windows\System32\WindowsPowerShell\v1.0\;C:\Windows\System32\OpenSSH\;C:\Program Files\NVIDIA Corporation\NVIDIA NvDLISR;C:\Program Files\Intel\WiFi\bin\;C:\Program Files\Common Files\Intel\WirelessCommon\;C:\Program Files (x86)\NVIDIA Corporation\PhysX\Common;C:\WINDOWS\system32;C:\WINDOWS;C:\WINDOWS\System32\Wbem;C:\WINDOWS\System32\WindowsPowerShell\v1.0\;C:\WINDOWS\System32\OpenSSH\;C:\Program Files (x86)\Microsoft SQL Server\150\Tools\Binn\;C:\Program Files\Microsoft SQL Server\150\Tools\Binn\;C:\Program Files (x86)\Microsoft SQL Server\150\DTS\Binn\;C:\Program Files\Microsoft SQL Server\150\DTS\Binn\;C:\Program Files\Microsoft SQL Server\Client SDK\ODBC\170\Tools\Binn\;C:\Program Files\Azure Data Studio\bin;C:\Program Files\dotnet\;C:\Program Files\TortoiseGit\bin;C:\Program Files\Git\cmd;C:\Program Files\Docker\Docker\resources\bin;C:\ProgramData\DockerDesktop\version-bin;C:\Users\Oleg\AppData\Local\Programs\Python\Python310\Scripts\;C:\Users\Oleg\AppData\Local\Programs\Python\Python310\;C:\Users\Oleg\AppData\Local\Microsoft\WindowsApps;C:\Program Files\Intel\WiFi\bin\;C:\Program Files\Common Files\Intel\WirelessCommon\;C:\Program Files\Azure Data Studio\bin;C:\Users\Oleg\AppData\Local\Programs\Microsoft VS Code\bin;C:\Users\Oleg\.dotnet\tools;C:\Users\Oleg\AppData\Local\GitHubDesktop\bin
USERNAME=Oleg
OS=Windows_NT
PROCESSOR_IDENTIFIER=Intel64 Family 6 Model 158 Stepping 10, GenuineIntel
TMP=C:\Users\Oleg\AppData\Local\Temp
TEMP=C:\Users\Oleg\AppData\Local\Temp



---------------  S Y S T E M  ---------------

OS:
 Windows 10 , 64 bit Build 19041 (10.0.19041.1151)
OS uptime: 4 days 23:45 hours
Hyper-V role detected

CPU: total 8 (initial active 8) (4 cores per cpu, 2 threads per core) family 6 model 158 stepping 10 microcode 0xb4, cx8, cmov, fxsr, ht, mmx, 3dnowpref, sse, sse2, sse3, ssse3, sse4.1, sse4.2, popcnt, lzcnt, tsc, tscinvbit, avx, avx2, aes, erms, clmul, bmi1, bmi2, adx, fma, vzeroupper, clflush, clflushopt, hv

Memory: 4k page, system-wide physical 8036M (426M free)
TotalPageFile size 18036M (AvailPageFile size 6M)
current process WorkingSet (physical memory assigned to process): 10M, peak: 11M
current process commit charge ("private bytes"): 186M, peak: 188M

vm_info: OpenJDK 64-Bit Server VM (17.0.4+8-LTS) for windows-amd64 JRE (17.0.4+8-LTS), built on Jul 15 2022 17:12:09 by "Administrator" with MS VC++ 15.9 (VS2017)

END.
